  Game.cpp
C:\dev\C_Cpp\Cpp\ProjektPI\ShipWars_SFML_GUI\ShipWars_GUI\ShipWars_GUI\Game.cpp(108,45): warning C4244: 'argument': conversion from 'int' to 'float', possible loss of data
C:\dev\C_Cpp\Cpp\ProjektPI\ShipWars_SFML_GUI\ShipWars_GUI\ShipWars_GUI\Game.cpp(116,71): warning C4244: 'argument': conversion from 'T' to 'float', possible loss of data
          with
          [
              T=unsigned int
          ]
C:\dev\C_Cpp\Cpp\ProjektPI\ShipWars_SFML_GUI\ShipWars_GUI\ShipWars_GUI\Game.cpp(120,70): warning C4244: 'argument': conversion from 'T' to 'float', possible loss of data
          with
          [
              T=unsigned int
          ]
C:\dev\C_Cpp\Cpp\ProjektPI\ShipWars_SFML_GUI\ShipWars_GUI\ShipWars_GUI\Game.cpp(124,66): warning C4244: 'argument': conversion from 'T' to 'float', possible loss of data
          with
          [
              T=unsigned int
          ]
C:\dev\C_Cpp\Cpp\ProjektPI\ShipWars_SFML_GUI\ShipWars_GUI\ShipWars_GUI\Game.cpp(129,73): warning C4244: 'argument': conversion from 'T' to 'float', possible loss of data
          with
          [
              T=unsigned int
          ]
C:\dev\C_Cpp\Cpp\ProjektPI\ShipWars_SFML_GUI\ShipWars_GUI\ShipWars_GUI\Game.cpp(151,67): warning C4244: 'argument': conversion from 'T' to 'float', possible loss of data
          with
          [
              T=unsigned int
          ]
C:\dev\C_Cpp\Cpp\ProjektPI\ShipWars_SFML_GUI\ShipWars_GUI\ShipWars_GUI\Game.cpp(161,61): warning C4244: 'argument': conversion from 'T' to 'float', possible loss of data
          with
          [
              T=unsigned int
          ]
C:\dev\C_Cpp\Cpp\ProjektPI\ShipWars_SFML_GUI\ShipWars_GUI\ShipWars_GUI\Game.cpp(168,61): warning C4244: 'argument': conversion from 'T' to 'float', possible loss of data
          with
          [
              T=unsigned int
          ]
C:\dev\C_Cpp\Cpp\ProjektPI\ShipWars_SFML_GUI\ShipWars_GUI\ShipWars_GUI\Game.cpp(321,65): warning C4244: 'argument': conversion from 'T' to 'float', possible loss of data
          with
          [
              T=unsigned int
          ]
C:\dev\C_Cpp\Cpp\ProjektPI\ShipWars_SFML_GUI\ShipWars_GUI\ShipWars_GUI\Game.cpp(421,65): warning C4244: 'argument': conversion from 'T' to 'float', possible loss of data
          with
          [
              T=unsigned int
          ]
  ShipWars_GUI.vcxproj -> C:\dev\C_Cpp\Cpp\ProjektPI\ShipWars_SFML_GUI\ShipWars_GUI\Debug\ShipWars_GUI.exe
