  Game.cpp
C:\dev\C_Cpp\Cpp\ProjektPI\ShipWars_SFML_GUI\ShipWars_GUI\ShipWars_GUI\Game.cpp(108,45): warning C4244: 'argument': conversion from 'int' to 'float', possible loss of data
C:\dev\C_Cpp\Cpp\ProjektPI\ShipWars_SFML_GUI\ShipWars_GUI\ShipWars_GUI\Game.cpp(116,71): warning C4244: 'argument': conversion from 'T' to 'float', possible loss of data
          with
          [
              T=unsigned int
          ]
C:\dev\C_Cpp\Cpp\ProjektPI\ShipWars_SFML_GUI\ShipWars_GUI\ShipWars_GUI\Game.cpp(120,70): warning C4244: 'argument': conversion from 'T' to 'float', possible loss of data
          with
          [
              T=unsigned int
          ]
C:\dev\C_Cpp\Cpp\ProjektPI\ShipWars_SFML_GUI\ShipWars_GUI\ShipWars_GUI\Game.cpp(124,66): warning C4244: 'argument': conversion from 'T' to 'float', possible loss of data
          with
          [
              T=unsigned int
          ]
C:\dev\C_Cpp\Cpp\ProjektPI\ShipWars_SFML_GUI\ShipWars_GUI\ShipWars_GUI\Game.cpp(129,73): warning C4244: 'argument': conversion from 'T' to 'float', possible loss of data
          with
          [
              T=unsigned int
          ]
C:\dev\C_Cpp\Cpp\ProjektPI\ShipWars_SFML_GUI\ShipWars_GUI\ShipWars_GUI\Game.cpp(151,67): warning C4244: 'argument': conversion from 'T' to 'float', possible loss of data
          with
          [
              T=unsigned int
          ]
C:\dev\C_Cpp\Cpp\ProjektPI\ShipWars_SFML_GUI\ShipWars_GUI\ShipWars_GUI\Game.cpp(161,61): warning C4244: 'argument': conversion from 'T' to 'float', possible loss of data
          with
          [
              T=unsigned int
          ]
C:\dev\C_Cpp\Cpp\ProjektPI\ShipWars_SFML_GUI\ShipWars_GUI\ShipWars_GUI\Game.cpp(168,61): warning C4244: 'argument': conversion from 'T' to 'float', possible loss of data
          with
          [
              T=unsigned int
          ]
C:\dev\C_Cpp\Cpp\ProjektPI\ShipWars_SFML_GUI\ShipWars_GUI\ShipWars_GUI\Game.cpp(321,65): warning C4244: 'argument': conversion from 'T' to 'float', possible loss of data
          with
          [
              T=unsigned int
          ]
C:\dev\C_Cpp\Cpp\ProjektPI\ShipWars_SFML_GUI\ShipWars_GUI\ShipWars_GUI\Game.cpp(421,65): warning C4244: 'argument': conversion from 'T' to 'float', possible loss of data
          with
          [
              T=unsigned int
          ]
  Generating code
  3 of 500 functions ( 0.6%) were compiled, the rest were copied from previous compilation.
    0 functions were new in current compilation
    1 functions had inline decision re-evaluated but remain unchanged
  Finished generating code
  ShipWars_GUI.vcxproj -> C:\dev\C_Cpp\Cpp\ProjektPI\ShipWars_SFML_GUI\ShipWars_GUI\Release\ShipWars_GUI.exe
